2022-03-03 19:46:20,887 INFO org.springframework.boot.StartupInfoLogger [restartedMain] Starting RestBanApplication using Java 17 on DESKTOP-7MSQ4EU with PID 27148 (C:\Users\usuario\Documents\workspace-spring-tool-suite-4-4.12.1.RELEASE\APIRESTIP\RESTBan\target\classes started by usuario in C:\Users\usuario\Documents\workspace-spring-tool-suite-4-4.12.1.RELEASE\APIRESTIP\RESTBan)
2022-03-03 19:46:20,903 INFO org.springframework.boot.SpringApplication [restartedMain] No active profile set, falling back to default profiles: default
2022-03-03 19:46:20,887 INFO org.hibernate.validator.internal.util.Version [background-preinit] HV000001: Hibernate Validator 6.2.0.Final
2022-03-03 19:46:21,386 INFO org.springframework.boot.logging.DeferredLog [restartedMain] Devtools property defaults active! Set 'spring.devtools.add-properties' to 'false' to disable
2022-03-03 19:46:21,387 INFO org.springframework.boot.logging.DeferredLog [restartedMain] For additional web related logging consider setting the 'logging.level.web' property to 'DEBUG'
2022-03-03 19:46:23,872 INFO org.springframework.data.repository.config.RepositoryConfigurationDelegate [restartedMain] Bootstrapping Spring Data JPA repositories in DEFAULT mode.
2022-03-03 19:46:23,967 INFO org.springframework.data.repository.config.RepositoryConfigurationDelegate [restartedMain] Finished Spring Data repository scanning in 74 ms. Found 1 JPA repository interfaces.
2022-03-03 19:46:25,396 INFO org.springframework.boot.web.embedded.tomcat.TomcatWebServer [restartedMain] Tomcat initialized with port(s): 8001 (http)
2022-03-03 19:46:25,416 INFO org.apache.juli.logging.DirectJDKLog [restartedMain] Initializing ProtocolHandler ["http-nio-8001"]
2022-03-03 19:46:25,417 INFO org.apache.juli.logging.DirectJDKLog [restartedMain] Starting service [Tomcat]
2022-03-03 19:46:25,417 INFO org.apache.juli.logging.DirectJDKLog [restartedMain] Starting Servlet engine: [Apache Tomcat/9.0.56]
2022-03-03 19:46:25,602 INFO org.apache.juli.logging.DirectJDKLog [restartedMain] Initializing Spring embedded WebApplicationContext
2022-03-03 19:46:25,602 INFO org.springframework.boot.web.servlet.context.ServletWebServerApplicationContext [restartedMain] Root WebApplicationContext: initialization completed in 4214 ms
2022-03-03 19:46:25,652 INFO com.zaxxer.hikari.HikariDataSource [restartedMain] HikariPool-1 - Starting...
2022-03-03 19:46:26,000 INFO com.zaxxer.hikari.HikariDataSource [restartedMain] HikariPool-1 - Start completed.
2022-03-03 19:46:26,021 INFO org.springframework.boot.autoconfigure.h2.H2ConsoleAutoConfiguration [restartedMain] H2 console available at '/h2-console'. Database available at 'jdbc:h2:mem:ban'
2022-03-03 19:46:26,314 INFO org.hibernate.jpa.internal.util.LogHelper [restartedMain] HHH000204: Processing PersistenceUnitInfo [name: default]
2022-03-03 19:46:26,415 INFO org.hibernate.Version [restartedMain] HHH000412: Hibernate ORM core version 5.6.4.Final
2022-03-03 19:46:26,736 INFO org.hibernate.annotations.common.reflection.java.JavaReflectionManager [restartedMain] HCANN000001: Hibernate Commons Annotations {5.1.2.Final}
2022-03-03 19:46:26,987 INFO org.hibernate.dialect.Dialect [restartedMain] HHH000400: Using dialect: org.hibernate.dialect.H2Dialect
2022-03-03 19:46:27,775 INFO org.hibernate.tuple.PojoInstantiator [restartedMain] HHH000182: No default (no-argument) constructor for class: com.ibm.academy.restapi.ban.modelo.entidades.Ban (class must be instantiated by Interceptor)
2022-03-03 19:46:28,268 INFO org.hibernate.tool.schema.internal.exec.AbstractScriptSourceInput [restartedMain] HHH000476: Executing import script 'file:/C:/Users/usuario/Documents/workspace-spring-tool-suite-4-4.12.1.RELEASE/APIRESTIP/RESTBan/target/classes/import.sql'
2022-03-03 19:46:28,304 INFO org.hibernate.engine.transaction.jta.platform.internal.JtaPlatformInitiator [restartedMain] HHH000490: Using JtaPlatform implementation: [org.hibernate.engine.transaction.jta.platform.internal.NoJtaPlatform]
2022-03-03 19:46:28,337 INFO org.springframework.orm.jpa.AbstractEntityManagerFactoryBean [restartedMain] Initialized JPA EntityManagerFactory for persistence unit 'default'
2022-03-03 19:46:29,113 WARN org.springframework.boot.autoconfigure.orm.jpa.JpaBaseConfiguration$JpaWebConfiguration [restartedMain] spring.jpa.open-in-view is enabled by default. Therefore, database queries may be performed during view rendering. Explicitly configure spring.jpa.open-in-view to disable this warning
2022-03-03 19:46:29,757 INFO org.springframework.boot.devtools.autoconfigure.OptionalLiveReloadServer [restartedMain] LiveReload server is running on port 35729
2022-03-03 19:46:29,782 INFO org.apache.juli.logging.DirectJDKLog [restartedMain] Starting ProtocolHandler ["http-nio-8001"]
2022-03-03 19:46:29,846 INFO org.springframework.boot.web.embedded.tomcat.TomcatWebServer [restartedMain] Tomcat started on port(s): 8001 (http) with context path '/api/v1/rest-ban'
2022-03-03 19:46:29,863 INFO org.springframework.boot.StartupInfoLogger [restartedMain] Started RestBanApplication in 9.906 seconds (JVM running for 13.307)
2022-03-03 19:49:44,150 INFO org.apache.juli.logging.DirectJDKLog [http-nio-8001-exec-6] Initializing Spring DispatcherServlet 'dispatcherServlet'
2022-03-03 19:49:44,151 INFO org.springframework.web.servlet.FrameworkServlet [http-nio-8001-exec-6] Initializing Servlet 'dispatcherServlet'
2022-03-03 19:49:44,153 INFO org.springframework.web.servlet.FrameworkServlet [http-nio-8001-exec-6] Completed initialization in 1 ms
2022-03-03 19:49:44,198 WARN org.springframework.web.servlet.handler.AbstractHandlerExceptionResolver [http-nio-8001-exec-6] Resolved [org.springframework.web.bind.MissingPathVariableException: Required URI template variable 'ip2Check' for method parameter type String is not present]
2022-03-03 19:50:23,066 WARN org.springframework.web.servlet.handler.AbstractHandlerExceptionResolver [http-nio-8001-exec-10] Resolved [org.springframework.web.bind.MissingPathVariableException: Required URI template variable 'ip2Check' for method parameter type String is not present]
