2022-03-02 11:41:58,113 INFO org.springframework.boot.StartupInfoLogger [restartedMain] Starting RestBanApplication using Java 17 on DESKTOP-7MSQ4EU with PID 1344 (C:\Users\usuario\Documents\workspace-spring-tool-suite-4-4.12.1.RELEASE\APIRESTIP\RESTBan\target\classes started by usuario in C:\Users\usuario\Documents\workspace-spring-tool-suite-4-4.12.1.RELEASE\APIRESTIP\RESTBan)
2022-03-02 11:41:58,143 INFO org.springframework.boot.SpringApplication [restartedMain] No active profile set, falling back to default profiles: default
2022-03-02 11:41:58,161 INFO org.hibernate.validator.internal.util.Version [background-preinit] HV000001: Hibernate Validator 6.2.0.Final
2022-03-02 11:41:59,034 INFO org.springframework.boot.logging.DeferredLog [restartedMain] Devtools property defaults active! Set 'spring.devtools.add-properties' to 'false' to disable
2022-03-02 11:41:59,035 INFO org.springframework.boot.logging.DeferredLog [restartedMain] For additional web related logging consider setting the 'logging.level.web' property to 'DEBUG'
2022-03-02 11:42:02,416 INFO org.springframework.data.repository.config.RepositoryConfigurationDelegate [restartedMain] Bootstrapping Spring Data JPA repositories in DEFAULT mode.
2022-03-02 11:42:02,528 INFO org.springframework.data.repository.config.RepositoryConfigurationDelegate [restartedMain] Finished Spring Data repository scanning in 93 ms. Found 1 JPA repository interfaces.
2022-03-02 11:42:04,473 INFO org.springframework.boot.web.embedded.tomcat.TomcatWebServer [restartedMain] Tomcat initialized with port(s): 8001 (http)
2022-03-02 11:42:04,489 INFO org.apache.juli.logging.DirectJDKLog [restartedMain] Initializing ProtocolHandler ["http-nio-8001"]
2022-03-02 11:42:04,490 INFO org.apache.juli.logging.DirectJDKLog [restartedMain] Starting service [Tomcat]
2022-03-02 11:42:04,491 INFO org.apache.juli.logging.DirectJDKLog [restartedMain] Starting Servlet engine: [Apache Tomcat/9.0.56]
2022-03-02 11:42:04,642 INFO org.apache.juli.logging.DirectJDKLog [restartedMain] Initializing Spring embedded WebApplicationContext
2022-03-02 11:42:04,643 INFO org.springframework.boot.web.servlet.context.ServletWebServerApplicationContext [restartedMain] Root WebApplicationContext: initialization completed in 5607 ms
2022-03-02 11:42:04,776 INFO com.zaxxer.hikari.HikariDataSource [restartedMain] HikariPool-1 - Starting...
2022-03-02 11:42:05,286 INFO com.zaxxer.hikari.HikariDataSource [restartedMain] HikariPool-1 - Start completed.
2022-03-02 11:42:05,300 INFO org.springframework.boot.autoconfigure.h2.H2ConsoleAutoConfiguration [restartedMain] H2 console available at '/h2-console'. Database available at 'jdbc:h2:mem:ban'
2022-03-02 11:42:05,503 INFO org.hibernate.jpa.internal.util.LogHelper [restartedMain] HHH000204: Processing PersistenceUnitInfo [name: default]
2022-03-02 11:42:05,617 INFO org.hibernate.Version [restartedMain] HHH000412: Hibernate ORM core version 5.6.4.Final
2022-03-02 11:42:05,935 INFO org.hibernate.annotations.common.reflection.java.JavaReflectionManager [restartedMain] HCANN000001: Hibernate Commons Annotations {5.1.2.Final}
2022-03-02 11:42:06,171 INFO org.hibernate.dialect.Dialect [restartedMain] HHH000400: Using dialect: org.hibernate.dialect.H2Dialect
2022-03-02 11:42:06,783 INFO org.hibernate.tuple.PojoInstantiator [restartedMain] HHH000182: No default (no-argument) constructor for class: com.ibm.academy.restapi.ban.modelo.entidades.Ban (class must be instantiated by Interceptor)
2022-03-02 11:42:07,219 INFO org.hibernate.tool.schema.internal.exec.AbstractScriptSourceInput [restartedMain] HHH000476: Executing import script 'file:/C:/Users/usuario/Documents/workspace-spring-tool-suite-4-4.12.1.RELEASE/APIRESTIP/RESTBan/target/classes/import.sql'
2022-03-02 11:42:07,245 INFO org.hibernate.engine.transaction.jta.platform.internal.JtaPlatformInitiator [restartedMain] HHH000490: Using JtaPlatform implementation: [org.hibernate.engine.transaction.jta.platform.internal.NoJtaPlatform]
2022-03-02 11:42:07,265 INFO org.springframework.orm.jpa.AbstractEntityManagerFactoryBean [restartedMain] Initialized JPA EntityManagerFactory for persistence unit 'default'
2022-03-02 11:42:07,844 WARN org.springframework.boot.autoconfigure.orm.jpa.JpaBaseConfiguration$JpaWebConfiguration [restartedMain] spring.jpa.open-in-view is enabled by default. Therefore, database queries may be performed during view rendering. Explicitly configure spring.jpa.open-in-view to disable this warning
2022-03-02 11:42:08,321 INFO org.springframework.boot.devtools.autoconfigure.OptionalLiveReloadServer [restartedMain] LiveReload server is running on port 35729
2022-03-02 11:42:08,345 INFO org.apache.juli.logging.DirectJDKLog [restartedMain] Starting ProtocolHandler ["http-nio-8001"]
2022-03-02 11:42:08,397 INFO org.springframework.boot.web.embedded.tomcat.TomcatWebServer [restartedMain] Tomcat started on port(s): 8001 (http) with context path '/api/v1/rest-ban'
2022-03-02 11:42:08,418 INFO org.springframework.boot.StartupInfoLogger [restartedMain] Started RestBanApplication in 11.362 seconds (JVM running for 17.309)
2022-03-02 11:43:02,604 INFO org.apache.juli.logging.DirectJDKLog [http-nio-8001-exec-9] Initializing Spring DispatcherServlet 'dispatcherServlet'
2022-03-02 11:43:02,604 INFO org.springframework.web.servlet.FrameworkServlet [http-nio-8001-exec-9] Initializing Servlet 'dispatcherServlet'
2022-03-02 11:43:02,606 INFO org.springframework.web.servlet.FrameworkServlet [http-nio-8001-exec-9] Completed initialization in 1 ms
2022-03-02 12:03:55,120 INFO org.springframework.orm.jpa.AbstractEntityManagerFactoryBean [Thread-6] Closing JPA EntityManagerFactory for persistence unit 'default'
2022-03-02 12:03:55,121 INFO org.hibernate.tool.schema.internal.SchemaDropperImpl$DelayedDropActionImpl [Thread-6] HHH000477: Starting delayed evictData of schema as part of SessionFactory shut-down'
2022-03-02 12:03:55,342 WARN org.springframework.beans.factory.support.DisposableBeanAdapter [Thread-6] Invocation of destroy method failed on bean with name 'inMemoryDatabaseShutdownExecutor': org.h2.jdbc.JdbcSQLNonTransientConnectionException: La base de datos ya esta cerrada (para des-habilitar el cerrado automatico durante el shutdown de la VM, agregue ";DB_CLOSE_ON_EXIT=FALSE" a la URL de conexi贸n)
Database is already closed (to disable automatic closing at VM shutdown, add ";DB_CLOSE_ON_EXIT=FALSE" to the db URL) [90121-200]
2022-03-02 12:03:55,347 INFO com.zaxxer.hikari.HikariDataSource [Thread-6] HikariPool-1 - Shutdown initiated...
2022-03-02 12:03:55,372 INFO com.zaxxer.hikari.HikariDataSource [Thread-6] HikariPool-1 - Shutdown completed.
2022-03-02 12:03:55,561 INFO org.springframework.boot.StartupInfoLogger [restartedMain] Starting RestBanApplication using Java 17 on DESKTOP-7MSQ4EU with PID 1344 (C:\Users\usuario\Documents\workspace-spring-tool-suite-4-4.12.1.RELEASE\APIRESTIP\RESTBan\target\classes started by usuario in C:\Users\usuario\Documents\workspace-spring-tool-suite-4-4.12.1.RELEASE\APIRESTIP\RESTBan)
2022-03-02 12:03:55,561 INFO org.springframework.boot.SpringApplication [restartedMain] No active profile set, falling back to default profiles: default
2022-03-02 12:03:56,032 INFO org.springframework.data.repository.config.RepositoryConfigurationDelegate [restartedMain] Bootstrapping Spring Data JPA repositories in DEFAULT mode.
2022-03-02 12:03:56,050 INFO org.springframework.data.repository.config.RepositoryConfigurationDelegate [restartedMain] Finished Spring Data repository scanning in 16 ms. Found 1 JPA repository interfaces.
2022-03-02 12:03:56,514 INFO org.springframework.boot.web.embedded.tomcat.TomcatWebServer [restartedMain] Tomcat initialized with port(s): 8001 (http)
2022-03-02 12:03:56,515 INFO org.apache.juli.logging.DirectJDKLog [restartedMain] Initializing ProtocolHandler ["http-nio-8001"]
2022-03-02 12:03:56,516 INFO org.apache.juli.logging.DirectJDKLog [restartedMain] Starting service [Tomcat]
2022-03-02 12:03:56,517 INFO org.apache.juli.logging.DirectJDKLog [restartedMain] Starting Servlet engine: [Apache Tomcat/9.0.56]
2022-03-02 12:03:56,550 INFO org.apache.juli.logging.DirectJDKLog [restartedMain] Initializing Spring embedded WebApplicationContext
2022-03-02 12:03:56,550 INFO org.springframework.boot.web.servlet.context.ServletWebServerApplicationContext [restartedMain] Root WebApplicationContext: initialization completed in 979 ms
2022-03-02 12:03:56,569 INFO com.zaxxer.hikari.HikariDataSource [restartedMain] HikariPool-2 - Starting...
2022-03-02 12:03:56,574 INFO com.zaxxer.hikari.HikariDataSource [restartedMain] HikariPool-2 - Start completed.
2022-03-02 12:03:56,575 INFO org.springframework.boot.autoconfigure.h2.H2ConsoleAutoConfiguration [restartedMain] H2 console available at '/h2-console'. Database available at 'jdbc:h2:mem:ban'
2022-03-02 12:03:56,631 INFO org.hibernate.jpa.internal.util.LogHelper [restartedMain] HHH000204: Processing PersistenceUnitInfo [name: default]
2022-03-02 12:03:56,639 INFO org.hibernate.dialect.Dialect [restartedMain] HHH000400: Using dialect: org.hibernate.dialect.H2Dialect
2022-03-02 12:03:56,669 INFO org.hibernate.tuple.PojoInstantiator [restartedMain] HHH000182: No default (no-argument) constructor for class: com.ibm.academy.restapi.ban.modelo.entidades.Ban (class must be instantiated by Interceptor)
2022-03-02 12:03:56,697 INFO org.hibernate.tool.schema.internal.exec.AbstractScriptSourceInput [restartedMain] HHH000476: Executing import script 'file:/C:/Users/usuario/Documents/workspace-spring-tool-suite-4-4.12.1.RELEASE/APIRESTIP/RESTBan/target/classes/import.sql'
2022-03-02 12:03:56,708 INFO org.hibernate.engine.transaction.jta.platform.internal.JtaPlatformInitiator [restartedMain] HHH000490: Using JtaPlatform implementation: [org.hibernate.engine.transaction.jta.platform.internal.NoJtaPlatform]
2022-03-02 12:03:56,708 INFO org.springframework.orm.jpa.AbstractEntityManagerFactoryBean [restartedMain] Initialized JPA EntityManagerFactory for persistence unit 'default'
2022-03-02 12:03:56,849 WARN org.springframework.boot.autoconfigure.orm.jpa.JpaBaseConfiguration$JpaWebConfiguration [restartedMain] spring.jpa.open-in-view is enabled by default. Therefore, database queries may be performed during view rendering. Explicitly configure spring.jpa.open-in-view to disable this warning
2022-03-02 12:03:57,029 INFO org.springframework.boot.devtools.autoconfigure.OptionalLiveReloadServer [restartedMain] LiveReload server is running on port 35729
2022-03-02 12:03:57,043 INFO org.apache.juli.logging.DirectJDKLog [restartedMain] Starting ProtocolHandler ["http-nio-8001"]
2022-03-02 12:03:57,045 INFO org.springframework.boot.web.embedded.tomcat.TomcatWebServer [restartedMain] Tomcat started on port(s): 8001 (http) with context path '/api/v1/rest-ban'
2022-03-02 12:03:57,054 INFO org.springframework.boot.StartupInfoLogger [restartedMain] Started RestBanApplication in 1.588 seconds (JVM running for 1325.945)
2022-03-02 12:03:57,059 INFO org.springframework.boot.devtools.autoconfigure.ConditionEvaluationDeltaLoggingListener [restartedMain] Condition evaluation unchanged
2022-03-02 12:04:05,662 INFO org.apache.juli.logging.DirectJDKLog [http-nio-8001-exec-2] Initializing Spring DispatcherServlet 'dispatcherServlet'
2022-03-02 12:04:05,662 INFO org.springframework.web.servlet.FrameworkServlet [http-nio-8001-exec-2] Initializing Servlet 'dispatcherServlet'
2022-03-02 12:04:05,665 INFO org.springframework.web.servlet.FrameworkServlet [http-nio-8001-exec-2] Completed initialization in 2 ms
2022-03-02 12:04:05,956 ERROR org.apache.juli.logging.DirectJDKLog [http-nio-8001-exec-2] Servlet.service() for servlet [dispatcherServlet] in context with path [/api/v1/rest-ban] threw exception [Request processing failed; nested exception is org.springframework.orm.jpa.JpaSystemException: No default constructor for entity:  : com.ibm.academy.restapi.ban.modelo.entidades.Ban; nested exception is org.hibernate.InstantiationException: No default constructor for entity:  : com.ibm.academy.restapi.ban.modelo.entidades.Ban] with root cause
org.hibernate.InstantiationException: No default constructor for entity:  : com.ibm.academy.restapi.ban.modelo.entidades.Ban
	at org.hibernate.tuple.PojoInstantiator.instantiate(PojoInstantiator.java:85)
	at org.hibernate.tuple.PojoInstantiator.instantiate(PojoInstantiator.java:105)
	at org.hibernate.tuple.entity.AbstractEntityTuplizer.instantiate(AbstractEntityTuplizer.java:705)
	at org.hibernate.persister.entity.AbstractEntityPersister.instantiate(AbstractEntityPersister.java:5295)
	at org.hibernate.internal.SessionImpl.instantiate(SessionImpl.java:1638)
	at org.hibernate.loader.Loader.instanceNotYetLoaded(Loader.java:1774)
	at org.hibernate.loader.Loader.getRow(Loader.java:1624)
	at org.hibernate.loader.Loader.getRowFromResultSet(Loader.java:748)
	at org.hibernate.loader.Loader.getRowsFromResultSet(Loader.java:1047)
	at org.hibernate.loader.Loader.processResultSet(Loader.java:998)
	at org.hibernate.loader.Loader.doQuery(Loader.java:967)
	at org.hibernate.loader.Loader.doQueryAndInitializeNonLazyCollections(Loader.java:357)
	at org.hibernate.loader.Loader.doList(Loader.java:2868)
	at org.hibernate.loader.Loader.doList(Loader.java:2850)
	at org.hibernate.loader.Loader.listIgnoreQueryCache(Loader.java:2682)
	at org.hibernate.loader.Loader.list(Loader.java:2677)
	at org.hibernate.loader.hql.QueryLoader.list(QueryLoader.java:540)
	at org.hibernate.hql.internal.ast.QueryTranslatorImpl.list(QueryTranslatorImpl.java:400)
	at org.hibernate.engine.query.spi.HQLQueryPlan.performList(HQLQueryPlan.java:219)
	at org.hibernate.internal.SessionImpl.list(SessionImpl.java:1454)
	at org.hibernate.query.internal.AbstractProducedQuery.doList(AbstractProducedQuery.java:1649)
	at org.hibernate.query.internal.AbstractProducedQuery.list(AbstractProducedQuery.java:1617)
	at org.hibernate.query.internal.AbstractProducedQuery.getSingleResult(AbstractProducedQuery.java:1665)
	at org.hibernate.query.criteria.internal.compile.CriteriaQueryTypeQueryAdapter.getSingleResult(CriteriaQueryTypeQueryAdapter.java:111)
	at org.springframework.data.jpa.repository.query.JpaQueryExecution$SingleEntityExecution.doExecute(JpaQueryExecution.java:198)
	at org.springframework.data.jpa.repository.query.JpaQueryExecution.execute(JpaQueryExecution.java:90)
	at org.springframework.data.jpa.repository.query.AbstractJpaQuery.doExecute(AbstractJpaQuery.java:155)
	at org.springframework.data.jpa.repository.query.AbstractJpaQuery.execute(AbstractJpaQuery.java:143)
	at org.springframework.data.repository.core.support.RepositoryMethodInvoker.doInvoke(RepositoryMethodInvoker.java:137)
	at org.springframework.data.repository.core.support.RepositoryMethodInvoker.invoke(RepositoryMethodInvoker.java:121)
	at org.springframework.data.repository.core.support.QueryExecutorMethodInterceptor.doInvoke(QueryExecutorMethodInterceptor.java:159)
	at org.springframework.data.repository.core.support.QueryExecutorMethodInterceptor.invoke(QueryExecutorMethodInterceptor.java:138)
	at org.springframework.aop.framework.ReflectiveMethodInvocation.proceed(ReflectiveMethodInvocation.java:186)
	at org.springframework.transaction.interceptor.TransactionInterceptor$1.proceedWithInvocation(TransactionInterceptor.java:123)
	at org.springframework.transaction.interceptor.TransactionAspectSupport.invokeWithinTransaction(TransactionAspectSupport.java:388)
	at org.springframework.transaction.interceptor.TransactionInterceptor.invoke(TransactionInterceptor.java:119)
	at org.springframework.aop.framework.ReflectiveMethodInvocation.proceed(ReflectiveMethodInvocation.java:186)
	at org.springframework.dao.support.PersistenceExceptionTranslationInterceptor.invoke(PersistenceExceptionTranslationInterceptor.java:137)
	at org.springframework.aop.framework.ReflectiveMethodInvocation.proceed(ReflectiveMethodInvocation.java:186)
	at org.springframework.data.jpa.repository.support.CrudMethodMetadataPostProcessor$CrudMethodMetadataPopulatingMethodInterceptor.invoke(CrudMethodMetadataPostProcessor.java:145)
	at org.springframework.aop.framework.ReflectiveMethodInvocation.proceed(ReflectiveMethodInvocation.java:186)
	at org.springframework.aop.interceptor.ExposeInvocationInterceptor.invoke(ExposeInvocationInterceptor.java:97)
	at org.springframework.aop.framework.ReflectiveMethodInvocation.proceed(ReflectiveMethodInvocation.java:186)
	at org.springframework.aop.framework.JdkDynamicAopProxy.invoke(JdkDynamicAopProxy.java:215)
	at jdk.proxy5/jdk.proxy5.$Proxy122.findByIp(Unknown Source)
	at com.ibm.academy.restapi.ban.servicios.BanDAOImpl.findByIp(BanDAOImpl.java:53)
	at com.ibm.academy.restapi.ban.servicios.BanDAOImpl$$FastClassBySpringCGLIB$$c4380e04.invoke(<generated>)
	at org.springframework.cglib.proxy.MethodProxy.invoke(MethodProxy.java:218)
	at org.springframework.aop.framework.CglibAopProxy$CglibMethodInvocation.invokeJoinpoint(CglibAopProxy.java:783)
	at org.springframework.aop.framework.ReflectiveMethodInvocation.proceed(ReflectiveMethodInvocation.java:163)
	at org.springframework.aop.framework.CglibAopProxy$CglibMethodInvocation.proceed(CglibAopProxy.java:753)
	at org.springframework.transaction.interceptor.TransactionInterceptor$1.proceedWithInvocation(TransactionInterceptor.java:123)
	at org.springframework.transaction.interceptor.TransactionAspectSupport.invokeWithinTransaction(TransactionAspectSupport.java:388)
	at org.springframework.transaction.interceptor.TransactionInterceptor.invoke(TransactionInterceptor.java:119)
	at org.springframework.aop.framework.ReflectiveMethodInvocation.proceed(ReflectiveMethodInvocation.java:186)
	at org.springframework.aop.framework.CglibAopProxy$CglibMethodInvocation.proceed(CglibAopProxy.java:753)
	at org.springframework.aop.framework.CglibAopProxy$DynamicAdvisedInterceptor.intercept(CglibAopProxy.java:698)
	at com.ibm.academy.restapi.ban.servicios.BanDAOImpl$$EnhancerBySpringCGLIB$$c93d08e3.findByIp(<generated>)
	at com.ibm.academy.restapi.ban.controladores.BanController.findByIp(BanController.java:36)
	at java.base/jdk.internal.reflect.NativeMethodAccessorImpl.invoke0(Native Method)
	at java.base/jdk.internal.reflect.NativeMethodAccessorImpl.invoke(NativeMethodAccessorImpl.java:77)
	at java.base/jdk.internal.reflect.DelegatingMethodAccessorImpl.invoke(DelegatingMethodAccessorImpl.java:43)
	at java.base/java.lang.reflect.Method.invoke(Method.java:568)
	at org.springframework.web.method.support.InvocableHandlerMethod.doInvoke(InvocableHandlerMethod.java:205)
	at org.springframework.web.method.support.InvocableHandlerMethod.invokeForRequest(InvocableHandlerMethod.java:150)
	at org.springframework.web.servlet.mvc.method.annotation.ServletInvocableHandlerMethod.invokeAndHandle(ServletInvocableHandlerMethod.java:117)
	at org.springframework.web.servlet.mvc.method.annotation.RequestMappingHandlerAdapter.invokeHandlerMethod(RequestMappingHandlerAdapter.java:895)
	at org.springframework.web.servlet.mvc.method.annotation.RequestMappingHandlerAdapter.handleInternal(RequestMappingHandlerAdapter.java:808)
	at org.springframework.web.servlet.mvc.method.AbstractHandlerMethodAdapter.handle(AbstractHandlerMethodAdapter.java:87)
	at org.springframework.web.servlet.DispatcherServlet.doDispatch(DispatcherServlet.java:1067)
	at org.springframework.web.servlet.DispatcherServlet.doService(DispatcherServlet.java:963)
	at org.springframework.web.servlet.FrameworkServlet.processRequest(FrameworkServlet.java:1006)
	at org.springframework.web.servlet.FrameworkServlet.doGet(FrameworkServlet.java:898)
	at javax.servlet.http.HttpServlet.service(HttpServlet.java:655)
	at org.springframework.web.servlet.FrameworkServlet.service(FrameworkServlet.java:883)
	at javax.servlet.http.HttpServlet.service(HttpServlet.java:764)
	at org.apache.catalina.core.ApplicationFilterChain.internalDoFilter(ApplicationFilterChain.java:227)
	at org.apache.catalina.core.ApplicationFilterChain.doFilter(ApplicationFilterChain.java:162)
	at org.apache.tomcat.websocket.server.WsFilter.doFilter(WsFilter.java:53)
	at org.apache.catalina.core.ApplicationFilterChain.internalDoFilter(ApplicationFilterChain.java:189)
	at org.apache.catalina.core.ApplicationFilterChain.doFilter(ApplicationFilterChain.java:162)
	at org.springframework.web.filter.RequestContextFilter.doFilterInternal(RequestContextFilter.java:100)
	at org.springframework.web.filter.OncePerRequestFilter.doFilter(OncePerRequestFilter.java:117)
	at org.apache.catalina.core.ApplicationFilterChain.internalDoFilter(ApplicationFilterChain.java:189)
	at org.apache.catalina.core.ApplicationFilterChain.doFilter(ApplicationFilterChain.java:162)
	at org.springframework.web.filter.FormContentFilter.doFilterInternal(FormContentFilter.java:93)
	at org.springframework.web.filter.OncePerRequestFilter.doFilter(OncePerRequestFilter.java:117)
	at org.apache.catalina.core.ApplicationFilterChain.internalDoFilter(ApplicationFilterChain.java:189)
	at org.apache.catalina.core.ApplicationFilterChain.doFilter(ApplicationFilterChain.java:162)
	at org.springframework.web.filter.CharacterEncodingFilter.doFilterInternal(CharacterEncodingFilter.java:201)
	at org.springframework.web.filter.OncePerRequestFilter.doFilter(OncePerRequestFilter.java:117)
	at org.apache.catalina.core.ApplicationFilterChain.internalDoFilter(ApplicationFilterChain.java:189)
	at org.apache.catalina.core.ApplicationFilterChain.doFilter(ApplicationFilterChain.java:162)
	at org.apache.catalina.core.StandardWrapperValve.invoke(StandardWrapperValve.java:197)
	at org.apache.catalina.core.StandardContextValve.invoke(StandardContextValve.java:97)
	at org.apache.catalina.authenticator.AuthenticatorBase.invoke(AuthenticatorBase.java:540)
	at org.apache.catalina.core.StandardHostValve.invoke(StandardHostValve.java:135)
	at org.apache.catalina.valves.ErrorReportValve.invoke(ErrorReportValve.java:92)
	at org.apache.catalina.core.StandardEngineValve.invoke(StandardEngineValve.java:78)
	at org.apache.catalina.connector.CoyoteAdapter.service(CoyoteAdapter.java:357)
	at org.apache.coyote.http11.Http11Processor.service(Http11Processor.java:382)
	at org.apache.coyote.AbstractProcessorLight.process(AbstractProcessorLight.java:65)
	at org.apache.coyote.AbstractProtocol$ConnectionHandler.process(AbstractProtocol.java:895)
	at org.apache.tomcat.util.net.NioEndpoint$SocketProcessor.doRun(NioEndpoint.java:1732)
	at org.apache.tomcat.util.net.SocketProcessorBase.run(SocketProcessorBase.java:49)
	at org.apache.tomcat.util.threads.ThreadPoolExecutor.runWorker(ThreadPoolExecutor.java:1191)
	at org.apache.tomcat.util.threads.ThreadPoolExecutor$Worker.run(ThreadPoolExecutor.java:659)
	at org.apache.tomcat.util.threads.TaskThread$WrappingRunnable.run(TaskThread.java:61)
	at java.base/java.lang.Thread.run(Thread.java:833)
2022-03-02 15:20:52,848 INFO org.springframework.boot.admin.SpringApplicationAdminMXBeanRegistrar$SpringApplicationAdmin [RMI TCP Connection(227)-127.0.0.1] Application shutdown requested.
2022-03-02 15:20:52,884 INFO org.springframework.orm.jpa.AbstractEntityManagerFactoryBean [RMI TCP Connection(227)-127.0.0.1] Closing JPA EntityManagerFactory for persistence unit 'default'
2022-03-02 15:20:52,886 INFO org.hibernate.tool.schema.internal.SchemaDropperImpl$DelayedDropActionImpl [RMI TCP Connection(227)-127.0.0.1] HHH000477: Starting delayed evictData of schema as part of SessionFactory shut-down'
2022-03-02 15:20:53,112 WARN org.springframework.beans.factory.support.DisposableBeanAdapter [RMI TCP Connection(227)-127.0.0.1] Invocation of destroy method failed on bean with name 'inMemoryDatabaseShutdownExecutor': org.h2.jdbc.JdbcSQLNonTransientConnectionException: La base de datos ya esta cerrada (para des-habilitar el cerrado automatico durante el shutdown de la VM, agregue ";DB_CLOSE_ON_EXIT=FALSE" a la URL de conexi贸n)
Database is already closed (to disable automatic closing at VM shutdown, add ";DB_CLOSE_ON_EXIT=FALSE" to the db URL) [90121-200]
2022-03-02 15:20:53,115 INFO com.zaxxer.hikari.HikariDataSource [RMI TCP Connection(227)-127.0.0.1] HikariPool-2 - Shutdown initiated...
2022-03-02 15:20:53,123 INFO com.zaxxer.hikari.HikariDataSource [RMI TCP Connection(227)-127.0.0.1] HikariPool-2 - Shutdown completed.
2022-03-02 15:22:17,244 INFO org.hibernate.validator.internal.util.Version [background-preinit] HV000001: Hibernate Validator 6.2.0.Final
2022-03-02 15:22:17,282 INFO org.springframework.boot.StartupInfoLogger [restartedMain] Starting RestBanApplication using Java 17 on DESKTOP-7MSQ4EU with PID 24516 (C:\Users\usuario\Documents\workspace-spring-tool-suite-4-4.12.1.RELEASE\APIRESTIP\RESTBan\target\classes started by usuario in C:\Users\usuario\Documents\workspace-spring-tool-suite-4-4.12.1.RELEASE\APIRESTIP\RESTBan)
2022-03-02 15:22:17,284 INFO org.springframework.boot.SpringApplication [restartedMain] No active profile set, falling back to default profiles: default
2022-03-02 15:22:17,413 INFO org.springframework.boot.logging.DeferredLog [restartedMain] Devtools property defaults active! Set 'spring.devtools.add-properties' to 'false' to disable
2022-03-02 15:22:17,414 INFO org.springframework.boot.logging.DeferredLog [restartedMain] For additional web related logging consider setting the 'logging.level.web' property to 'DEBUG'
2022-03-02 15:22:19,131 INFO org.springframework.data.repository.config.RepositoryConfigurationDelegate [restartedMain] Bootstrapping Spring Data JPA repositories in DEFAULT mode.
2022-03-02 15:22:19,214 INFO org.springframework.data.repository.config.RepositoryConfigurationDelegate [restartedMain] Finished Spring Data repository scanning in 67 ms. Found 1 JPA repository interfaces.
2022-03-02 15:22:20,264 INFO org.springframework.boot.web.embedded.tomcat.TomcatWebServer [restartedMain] Tomcat initialized with port(s): 8001 (http)
2022-03-02 15:22:20,280 INFO org.apache.juli.logging.DirectJDKLog [restartedMain] Initializing ProtocolHandler ["http-nio-8001"]
2022-03-02 15:22:20,280 INFO org.apache.juli.logging.DirectJDKLog [restartedMain] Starting service [Tomcat]
2022-03-02 15:22:20,280 INFO org.apache.juli.logging.DirectJDKLog [restartedMain] Starting Servlet engine: [Apache Tomcat/9.0.56]
2022-03-02 15:22:20,425 INFO org.apache.juli.logging.DirectJDKLog [restartedMain] Initializing Spring embedded WebApplicationContext
2022-03-02 15:22:20,426 INFO org.springframework.boot.web.servlet.context.ServletWebServerApplicationContext [restartedMain] Root WebApplicationContext: initialization completed in 3011 ms
2022-03-02 15:22:20,469 INFO com.zaxxer.hikari.HikariDataSource [restartedMain] HikariPool-1 - Starting...
2022-03-02 15:22:20,774 INFO com.zaxxer.hikari.HikariDataSource [restartedMain] HikariPool-1 - Start completed.
2022-03-02 15:22:20,789 INFO org.springframework.boot.autoconfigure.h2.H2ConsoleAutoConfiguration [restartedMain] H2 console available at '/h2-console'. Database available at 'jdbc:h2:mem:ban'
2022-03-02 15:22:20,967 INFO org.hibernate.jpa.internal.util.LogHelper [restartedMain] HHH000204: Processing PersistenceUnitInfo [name: default]
2022-03-02 15:22:21,053 INFO org.hibernate.Version [restartedMain] HHH000412: Hibernate ORM core version 5.6.4.Final
2022-03-02 15:22:21,331 INFO org.hibernate.annotations.common.reflection.java.JavaReflectionManager [restartedMain] HCANN000001: Hibernate Commons Annotations {5.1.2.Final}
2022-03-02 15:22:21,545 INFO org.hibernate.dialect.Dialect [restartedMain] HHH000400: Using dialect: org.hibernate.dialect.H2Dialect
2022-03-02 15:22:22,147 INFO org.hibernate.tuple.PojoInstantiator [restartedMain] HHH000182: No default (no-argument) constructor for class: com.ibm.academy.restapi.ban.modelo.entidades.Ban (class must be instantiated by Interceptor)
2022-03-02 15:22:22,556 INFO org.hibernate.tool.schema.internal.exec.AbstractScriptSourceInput [restartedMain] HHH000476: Executing import script 'file:/C:/Users/usuario/Documents/workspace-spring-tool-suite-4-4.12.1.RELEASE/APIRESTIP/RESTBan/target/classes/import.sql'
2022-03-02 15:22:22,580 INFO org.hibernate.engine.transaction.jta.platform.internal.JtaPlatformInitiator [restartedMain] HHH000490: Using JtaPlatform implementation: [org.hibernate.engine.transaction.jta.platform.internal.NoJtaPlatform]
2022-03-02 15:22:22,597 INFO org.springframework.orm.jpa.AbstractEntityManagerFactoryBean [restartedMain] Initialized JPA EntityManagerFactory for persistence unit 'default'
2022-03-02 15:22:23,194 WARN org.springframework.boot.autoconfigure.orm.jpa.JpaBaseConfiguration$JpaWebConfiguration [restartedMain] spring.jpa.open-in-view is enabled by default. Therefore, database queries may be performed during view rendering. Explicitly configure spring.jpa.open-in-view to disable this warning
2022-03-02 15:22:23,903 INFO org.springframework.boot.devtools.autoconfigure.OptionalLiveReloadServer [restartedMain] LiveReload server is running on port 35729
2022-03-02 15:22:23,929 INFO org.apache.juli.logging.DirectJDKLog [restartedMain] Starting ProtocolHandler ["http-nio-8001"]
2022-03-02 15:22:24,054 INFO org.springframework.boot.web.embedded.tomcat.TomcatWebServer [restartedMain] Tomcat started on port(s): 8001 (http) with context path '/api/v1/rest-ban'
2022-03-02 15:22:24,072 INFO org.springframework.boot.StartupInfoLogger [restartedMain] Started RestBanApplication in 7.569 seconds (JVM running for 10.605)
2022-03-02 15:23:12,479 INFO org.apache.juli.logging.DirectJDKLog [http-nio-8001-exec-2] Initializing Spring DispatcherServlet 'dispatcherServlet'
2022-03-02 15:23:12,480 INFO org.springframework.web.servlet.FrameworkServlet [http-nio-8001-exec-2] Initializing Servlet 'dispatcherServlet'
2022-03-02 15:23:12,484 INFO org.springframework.web.servlet.FrameworkServlet [http-nio-8001-exec-2] Completed initialization in 4 ms
2022-03-02 15:23:12,909 ERROR org.apache.juli.logging.DirectJDKLog [http-nio-8001-exec-2] Servlet.service() for servlet [dispatcherServlet] in context with path [/api/v1/rest-ban] threw exception [Request processing failed; nested exception is org.springframework.orm.jpa.JpaSystemException: No default constructor for entity:  : com.ibm.academy.restapi.ban.modelo.entidades.Ban; nested exception is org.hibernate.InstantiationException: No default constructor for entity:  : com.ibm.academy.restapi.ban.modelo.entidades.Ban] with root cause
org.hibernate.InstantiationException: No default constructor for entity:  : com.ibm.academy.restapi.ban.modelo.entidades.Ban
	at org.hibernate.tuple.PojoInstantiator.instantiate(PojoInstantiator.java:85)
	at org.hibernate.tuple.PojoInstantiator.instantiate(PojoInstantiator.java:105)
	at org.hibernate.tuple.entity.AbstractEntityTuplizer.instantiate(AbstractEntityTuplizer.java:705)
	at org.hibernate.persister.entity.AbstractEntityPersister.instantiate(AbstractEntityPersister.java:5295)
	at org.hibernate.internal.SessionImpl.instantiate(SessionImpl.java:1638)
	at org.hibernate.loader.Loader.instanceNotYetLoaded(Loader.java:1774)
	at org.hibernate.loader.Loader.getRow(Loader.java:1624)
	at org.hibernate.loader.Loader.getRowFromResultSet(Loader.java:748)
	at org.hibernate.loader.Loader.getRowsFromResultSet(Loader.java:1047)
	at org.hibernate.loader.Loader.processResultSet(Loader.java:998)
	at org.hibernate.loader.Loader.doQuery(Loader.java:967)
	at org.hibernate.loader.Loader.doQueryAndInitializeNonLazyCollections(Loader.java:357)
	at org.hibernate.loader.Loader.doList(Loader.java:2868)
	at org.hibernate.loader.Loader.doList(Loader.java:2850)
	at org.hibernate.loader.Loader.listIgnoreQueryCache(Loader.java:2682)
	at org.hibernate.loader.Loader.list(Loader.java:2677)
	at org.hibernate.loader.hql.QueryLoader.list(QueryLoader.java:540)
	at org.hibernate.hql.internal.ast.QueryTranslatorImpl.list(QueryTranslatorImpl.java:400)
	at org.hibernate.engine.query.spi.HQLQueryPlan.performList(HQLQueryPlan.java:219)
	at org.hibernate.internal.SessionImpl.list(SessionImpl.java:1454)
	at org.hibernate.query.internal.AbstractProducedQuery.doList(AbstractProducedQuery.java:1649)
	at org.hibernate.query.internal.AbstractProducedQuery.list(AbstractProducedQuery.java:1617)
	at org.hibernate.query.internal.AbstractProducedQuery.getSingleResult(AbstractProducedQuery.java:1665)
	at org.hibernate.query.criteria.internal.compile.CriteriaQueryTypeQueryAdapter.getSingleResult(CriteriaQueryTypeQueryAdapter.java:111)
	at org.springframework.data.jpa.repository.query.JpaQueryExecution$SingleEntityExecution.doExecute(JpaQueryExecution.java:198)
	at org.springframework.data.jpa.repository.query.JpaQueryExecution.execute(JpaQueryExecution.java:90)
	at org.springframework.data.jpa.repository.query.AbstractJpaQuery.doExecute(AbstractJpaQuery.java:155)
	at org.springframework.data.jpa.repository.query.AbstractJpaQuery.execute(AbstractJpaQuery.java:143)
	at org.springframework.data.repository.core.support.RepositoryMethodInvoker.doInvoke(RepositoryMethodInvoker.java:137)
	at org.springframework.data.repository.core.support.RepositoryMethodInvoker.invoke(RepositoryMethodInvoker.java:121)
	at org.springframework.data.repository.core.support.QueryExecutorMethodInterceptor.doInvoke(QueryExecutorMethodInterceptor.java:159)
	at org.springframework.data.repository.core.support.QueryExecutorMethodInterceptor.invoke(QueryExecutorMethodInterceptor.java:138)
	at org.springframework.aop.framework.ReflectiveMethodInvocation.proceed(ReflectiveMethodInvocation.java:186)
	at org.springframework.transaction.interceptor.TransactionInterceptor$1.proceedWithInvocation(TransactionInterceptor.java:123)
	at org.springframework.transaction.interceptor.TransactionAspectSupport.invokeWithinTransaction(TransactionAspectSupport.java:388)
	at org.springframework.transaction.interceptor.TransactionInterceptor.invoke(TransactionInterceptor.java:119)
	at org.springframework.aop.framework.ReflectiveMethodInvocation.proceed(ReflectiveMethodInvocation.java:186)
	at org.springframework.dao.support.PersistenceExceptionTranslationInterceptor.invoke(PersistenceExceptionTranslationInterceptor.java:137)
	at org.springframework.aop.framework.ReflectiveMethodInvocation.proceed(ReflectiveMethodInvocation.java:186)
	at org.springframework.data.jpa.repository.support.CrudMethodMetadataPostProcessor$CrudMethodMetadataPopulatingMethodInterceptor.invoke(CrudMethodMetadataPostProcessor.java:145)
	at org.springframework.aop.framework.ReflectiveMethodInvocation.proceed(ReflectiveMethodInvocation.java:186)
	at org.springframework.aop.interceptor.ExposeInvocationInterceptor.invoke(ExposeInvocationInterceptor.java:97)
	at org.springframework.aop.framework.ReflectiveMethodInvocation.proceed(ReflectiveMethodInvocation.java:186)
	at org.springframework.aop.framework.JdkDynamicAopProxy.invoke(JdkDynamicAopProxy.java:215)
	at jdk.proxy3/jdk.proxy3.$Proxy109.findByIp(Unknown Source)
	at com.ibm.academy.restapi.ban.servicios.BanDAOImpl.findByIp(BanDAOImpl.java:55)
	at com.ibm.academy.restapi.ban.servicios.BanDAOImpl$$FastClassBySpringCGLIB$$c4380e04.invoke(<generated>)
	at org.springframework.cglib.proxy.MethodProxy.invoke(MethodProxy.java:218)
	at org.springframework.aop.framework.CglibAopProxy$CglibMethodInvocation.invokeJoinpoint(CglibAopProxy.java:783)
	at org.springframework.aop.framework.ReflectiveMethodInvocation.proceed(ReflectiveMethodInvocation.java:163)
	at org.springframework.aop.framework.CglibAopProxy$CglibMethodInvocation.proceed(CglibAopProxy.java:753)
	at org.springframework.transaction.interceptor.TransactionInterceptor$1.proceedWithInvocation(TransactionInterceptor.java:123)
	at org.springframework.transaction.interceptor.TransactionAspectSupport.invokeWithinTransaction(TransactionAspectSupport.java:388)
	at org.springframework.transaction.interceptor.TransactionInterceptor.invoke(TransactionInterceptor.java:119)
	at org.springframework.aop.framework.ReflectiveMethodInvocation.proceed(ReflectiveMethodInvocation.java:186)
	at org.springframework.aop.framework.CglibAopProxy$CglibMethodInvocation.proceed(CglibAopProxy.java:753)
	at org.springframework.aop.framework.CglibAopProxy$DynamicAdvisedInterceptor.intercept(CglibAopProxy.java:698)
	at com.ibm.academy.restapi.ban.servicios.BanDAOImpl$$EnhancerBySpringCGLIB$$64fff157.findByIp(<generated>)
	at com.ibm.academy.restapi.ban.controladores.BanController.findByIp(BanController.java:36)
	at java.base/jdk.internal.reflect.NativeMethodAccessorImpl.invoke0(Native Method)
	at java.base/jdk.internal.reflect.NativeMethodAccessorImpl.invoke(NativeMethodAccessorImpl.java:77)
	at java.base/jdk.internal.reflect.DelegatingMethodAccessorImpl.invoke(DelegatingMethodAccessorImpl.java:43)
	at java.base/java.lang.reflect.Method.invoke(Method.java:568)
	at org.springframework.web.method.support.InvocableHandlerMethod.doInvoke(InvocableHandlerMethod.java:205)
	at org.springframework.web.method.support.InvocableHandlerMethod.invokeForRequest(InvocableHandlerMethod.java:150)
	at org.springframework.web.servlet.mvc.method.annotation.ServletInvocableHandlerMethod.invokeAndHandle(ServletInvocableHandlerMethod.java:117)
	at org.springframework.web.servlet.mvc.method.annotation.RequestMappingHandlerAdapter.invokeHandlerMethod(RequestMappingHandlerAdapter.java:895)
	at org.springframework.web.servlet.mvc.method.annotation.RequestMappingHandlerAdapter.handleInternal(RequestMappingHandlerAdapter.java:808)
	at org.springframework.web.servlet.mvc.method.AbstractHandlerMethodAdapter.handle(AbstractHandlerMethodAdapter.java:87)
	at org.springframework.web.servlet.DispatcherServlet.doDispatch(DispatcherServlet.java:1067)
	at org.springframework.web.servlet.DispatcherServlet.doService(DispatcherServlet.java:963)
	at org.springframework.web.servlet.FrameworkServlet.processRequest(FrameworkServlet.java:1006)
	at org.springframework.web.servlet.FrameworkServlet.doGet(FrameworkServlet.java:898)
	at javax.servlet.http.HttpServlet.service(HttpServlet.java:655)
	at org.springframework.web.servlet.FrameworkServlet.service(FrameworkServlet.java:883)
	at javax.servlet.http.HttpServlet.service(HttpServlet.java:764)
	at org.apache.catalina.core.ApplicationFilterChain.internalDoFilter(ApplicationFilterChain.java:227)
	at org.apache.catalina.core.ApplicationFilterChain.doFilter(ApplicationFilterChain.java:162)
	at org.apache.tomcat.websocket.server.WsFilter.doFilter(WsFilter.java:53)
	at org.apache.catalina.core.ApplicationFilterChain.internalDoFilter(ApplicationFilterChain.java:189)
	at org.apache.catalina.core.ApplicationFilterChain.doFilter(ApplicationFilterChain.java:162)
	at org.springframework.web.filter.RequestContextFilter.doFilterInternal(RequestContextFilter.java:100)
	at org.springframework.web.filter.OncePerRequestFilter.doFilter(OncePerRequestFilter.java:117)
	at org.apache.catalina.core.ApplicationFilterChain.internalDoFilter(ApplicationFilterChain.java:189)
	at org.apache.catalina.core.ApplicationFilterChain.doFilter(ApplicationFilterChain.java:162)
	at org.springframework.web.filter.FormContentFilter.doFilterInternal(FormContentFilter.java:93)
	at org.springframework.web.filter.OncePerRequestFilter.doFilter(OncePerRequestFilter.java:117)
	at org.apache.catalina.core.ApplicationFilterChain.internalDoFilter(ApplicationFilterChain.java:189)
	at org.apache.catalina.core.ApplicationFilterChain.doFilter(ApplicationFilterChain.java:162)
	at org.springframework.web.filter.CharacterEncodingFilter.doFilterInternal(CharacterEncodingFilter.java:201)
	at org.springframework.web.filter.OncePerRequestFilter.doFilter(OncePerRequestFilter.java:117)
	at org.apache.catalina.core.ApplicationFilterChain.internalDoFilter(ApplicationFilterChain.java:189)
	at org.apache.catalina.core.ApplicationFilterChain.doFilter(ApplicationFilterChain.java:162)
	at org.apache.catalina.core.StandardWrapperValve.invoke(StandardWrapperValve.java:197)
	at org.apache.catalina.core.StandardContextValve.invoke(StandardContextValve.java:97)
	at org.apache.catalina.authenticator.AuthenticatorBase.invoke(AuthenticatorBase.java:540)
	at org.apache.catalina.core.StandardHostValve.invoke(StandardHostValve.java:135)
	at org.apache.catalina.valves.ErrorReportValve.invoke(ErrorReportValve.java:92)
	at org.apache.catalina.core.StandardEngineValve.invoke(StandardEngineValve.java:78)
	at org.apache.catalina.connector.CoyoteAdapter.service(CoyoteAdapter.java:357)
	at org.apache.coyote.http11.Http11Processor.service(Http11Processor.java:382)
	at org.apache.coyote.AbstractProcessorLight.process(AbstractProcessorLight.java:65)
	at org.apache.coyote.AbstractProtocol$ConnectionHandler.process(AbstractProtocol.java:895)
	at org.apache.tomcat.util.net.NioEndpoint$SocketProcessor.doRun(NioEndpoint.java:1732)
	at org.apache.tomcat.util.net.SocketProcessorBase.run(SocketProcessorBase.java:49)
	at org.apache.tomcat.util.threads.ThreadPoolExecutor.runWorker(ThreadPoolExecutor.java:1191)
	at org.apache.tomcat.util.threads.ThreadPoolExecutor$Worker.run(ThreadPoolExecutor.java:659)
	at org.apache.tomcat.util.threads.TaskThread$WrappingRunnable.run(TaskThread.java:61)
	at java.base/java.lang.Thread.run(Thread.java:833)
2022-03-02 19:23:11,533 INFO org.springframework.boot.admin.SpringApplicationAdminMXBeanRegistrar$SpringApplicationAdmin [RMI TCP Connection(247)-127.0.0.1] Application shutdown requested.
2022-03-02 19:23:11,664 INFO org.springframework.orm.jpa.AbstractEntityManagerFactoryBean [RMI TCP Connection(247)-127.0.0.1] Closing JPA EntityManagerFactory for persistence unit 'default'
2022-03-02 19:23:11,673 INFO org.hibernate.tool.schema.internal.SchemaDropperImpl$DelayedDropActionImpl [RMI TCP Connection(247)-127.0.0.1] HHH000477: Starting delayed evictData of schema as part of SessionFactory shut-down'
2022-03-02 19:23:11,903 WARN org.springframework.beans.factory.support.DisposableBeanAdapter [RMI TCP Connection(247)-127.0.0.1] Invocation of destroy method failed on bean with name 'inMemoryDatabaseShutdownExecutor': org.h2.jdbc.JdbcSQLNonTransientConnectionException: La base de datos ya esta cerrada (para des-habilitar el cerrado automatico durante el shutdown de la VM, agregue ";DB_CLOSE_ON_EXIT=FALSE" a la URL de conexi贸n)
Database is already closed (to disable automatic closing at VM shutdown, add ";DB_CLOSE_ON_EXIT=FALSE" to the db URL) [90121-200]
2022-03-02 19:23:11,903 INFO com.zaxxer.hikari.HikariDataSource [RMI TCP Connection(247)-127.0.0.1] HikariPool-1 - Shutdown initiated...
2022-03-02 19:23:11,908 INFO com.zaxxer.hikari.HikariDataSource [RMI TCP Connection(247)-127.0.0.1] HikariPool-1 - Shutdown completed.
2022-03-02 19:51:37,067 INFO org.hibernate.validator.internal.util.Version [background-preinit] HV000001: Hibernate Validator 6.2.0.Final
2022-03-02 19:51:37,082 INFO org.springframework.boot.StartupInfoLogger [restartedMain] Starting RestBanApplication using Java 17 on DESKTOP-7MSQ4EU with PID 1692 (C:\Users\usuario\Documents\workspace-spring-tool-suite-4-4.12.1.RELEASE\APIRESTIP\RESTBan\target\classes started by usuario in C:\Users\usuario\Documents\workspace-spring-tool-suite-4-4.12.1.RELEASE\APIRESTIP\RESTBan)
2022-03-02 19:51:37,084 INFO org.springframework.boot.SpringApplication [restartedMain] No active profile set, falling back to default profiles: default
2022-03-02 19:51:37,196 INFO org.springframework.boot.logging.DeferredLog [restartedMain] Devtools property defaults active! Set 'spring.devtools.add-properties' to 'false' to disable
2022-03-02 19:51:37,203 INFO org.springframework.boot.logging.DeferredLog [restartedMain] For additional web related logging consider setting the 'logging.level.web' property to 'DEBUG'
2022-03-02 19:51:38,673 INFO org.springframework.data.repository.config.RepositoryConfigurationDelegate [restartedMain] Bootstrapping Spring Data JPA repositories in DEFAULT mode.
2022-03-02 19:51:38,760 INFO org.springframework.data.repository.config.RepositoryConfigurationDelegate [restartedMain] Finished Spring Data repository scanning in 71 ms. Found 1 JPA repository interfaces.
2022-03-02 19:51:39,722 INFO org.springframework.boot.web.embedded.tomcat.TomcatWebServer [restartedMain] Tomcat initialized with port(s): 8001 (http)
2022-03-02 19:51:39,737 INFO org.apache.juli.logging.DirectJDKLog [restartedMain] Initializing ProtocolHandler ["http-nio-8001"]
2022-03-02 19:51:39,738 INFO org.apache.juli.logging.DirectJDKLog [restartedMain] Starting service [Tomcat]
2022-03-02 19:51:39,738 INFO org.apache.juli.logging.DirectJDKLog [restartedMain] Starting Servlet engine: [Apache Tomcat/9.0.56]
2022-03-02 19:51:39,923 INFO org.apache.juli.logging.DirectJDKLog [restartedMain] Initializing Spring embedded WebApplicationContext
2022-03-02 19:51:39,924 INFO org.springframework.boot.web.servlet.context.ServletWebServerApplicationContext [restartedMain] Root WebApplicationContext: initialization completed in 2719 ms
2022-03-02 19:51:39,969 INFO com.zaxxer.hikari.HikariDataSource [restartedMain] HikariPool-1 - Starting...
2022-03-02 19:51:40,275 INFO com.zaxxer.hikari.HikariDataSource [restartedMain] HikariPool-1 - Start completed.
2022-03-02 19:51:40,290 INFO org.springframework.boot.autoconfigure.h2.H2ConsoleAutoConfiguration [restartedMain] H2 console available at '/h2-console'. Database available at 'jdbc:h2:mem:ban'
2022-03-02 19:51:40,463 INFO org.hibernate.jpa.internal.util.LogHelper [restartedMain] HHH000204: Processing PersistenceUnitInfo [name: default]
2022-03-02 19:51:40,547 INFO org.hibernate.Version [restartedMain] HHH000412: Hibernate ORM core version 5.6.4.Final
2022-03-02 19:51:40,842 INFO org.hibernate.annotations.common.reflection.java.JavaReflectionManager [restartedMain] HCANN000001: Hibernate Commons Annotations {5.1.2.Final}
2022-03-02 19:51:41,055 INFO org.hibernate.dialect.Dialect [restartedMain] HHH000400: Using dialect: org.hibernate.dialect.H2Dialect
2022-03-02 19:51:41,613 INFO org.hibernate.tuple.PojoInstantiator [restartedMain] HHH000182: No default (no-argument) constructor for class: com.ibm.academy.restapi.ban.modelo.entidades.Ban (class must be instantiated by Interceptor)
2022-03-02 19:51:42,043 INFO org.hibernate.tool.schema.internal.exec.AbstractScriptSourceInput [restartedMain] HHH000476: Executing import script 'file:/C:/Users/usuario/Documents/workspace-spring-tool-suite-4-4.12.1.RELEASE/APIRESTIP/RESTBan/target/classes/import.sql'
2022-03-02 19:51:42,069 INFO org.hibernate.engine.transaction.jta.platform.internal.JtaPlatformInitiator [restartedMain] HHH000490: Using JtaPlatform implementation: [org.hibernate.engine.transaction.jta.platform.internal.NoJtaPlatform]
2022-03-02 19:51:42,100 INFO org.springframework.orm.jpa.AbstractEntityManagerFactoryBean [restartedMain] Initialized JPA EntityManagerFactory for persistence unit 'default'
2022-03-02 19:51:42,688 WARN org.springframework.boot.autoconfigure.orm.jpa.JpaBaseConfiguration$JpaWebConfiguration [restartedMain] spring.jpa.open-in-view is enabled by default. Therefore, database queries may be performed during view rendering. Explicitly configure spring.jpa.open-in-view to disable this warning
2022-03-02 19:51:43,277 INFO org.springframework.boot.devtools.autoconfigure.OptionalLiveReloadServer [restartedMain] LiveReload server is running on port 35729
2022-03-02 19:51:43,298 INFO org.apache.juli.logging.DirectJDKLog [restartedMain] Starting ProtocolHandler ["http-nio-8001"]
2022-03-02 19:51:43,352 INFO org.springframework.boot.web.embedded.tomcat.TomcatWebServer [restartedMain] Tomcat started on port(s): 8001 (http) with context path '/api/v1/rest-ban'
2022-03-02 19:51:43,365 INFO org.springframework.boot.StartupInfoLogger [restartedMain] Started RestBanApplication in 7.016 seconds (JVM running for 8.998)
2022-03-02 19:52:06,743 INFO org.apache.juli.logging.DirectJDKLog [http-nio-8001-exec-2] Initializing Spring DispatcherServlet 'dispatcherServlet'
2022-03-02 19:52:06,744 INFO org.springframework.web.servlet.FrameworkServlet [http-nio-8001-exec-2] Initializing Servlet 'dispatcherServlet'
2022-03-02 19:52:06,745 INFO org.springframework.web.servlet.FrameworkServlet [http-nio-8001-exec-2] Completed initialization in 0 ms
2022-03-02 19:52:06,797 WARN org.springframework.web.servlet.handler.AbstractHandlerExceptionResolver [http-nio-8001-exec-2] Resolved [org.springframework.web.bind.MissingPathVariableException: Required URI template variable 'ipConsulta' for method parameter type String is not present]
2022-03-02 19:53:20,965 INFO org.springframework.orm.jpa.AbstractEntityManagerFactoryBean [Thread-6] Closing JPA EntityManagerFactory for persistence unit 'default'
2022-03-02 19:53:20,966 INFO org.hibernate.tool.schema.internal.SchemaDropperImpl$DelayedDropActionImpl [Thread-6] HHH000477: Starting delayed evictData of schema as part of SessionFactory shut-down'
2022-03-02 19:53:21,177 WARN org.springframework.beans.factory.support.DisposableBeanAdapter [Thread-6] Invocation of destroy method failed on bean with name 'inMemoryDatabaseShutdownExecutor': org.h2.jdbc.JdbcSQLNonTransientConnectionException: La base de datos ya esta cerrada (para des-habilitar el cerrado automatico durante el shutdown de la VM, agregue ";DB_CLOSE_ON_EXIT=FALSE" a la URL de conexi贸n)
Database is already closed (to disable automatic closing at VM shutdown, add ";DB_CLOSE_ON_EXIT=FALSE" to the db URL) [90121-200]
2022-03-02 19:53:21,179 INFO com.zaxxer.hikari.HikariDataSource [Thread-6] HikariPool-1 - Shutdown initiated...
2022-03-02 19:53:21,197 INFO com.zaxxer.hikari.HikariDataSource [Thread-6] HikariPool-1 - Shutdown completed.
2022-03-02 19:53:21,335 INFO org.springframework.boot.StartupInfoLogger [restartedMain] Starting RestBanApplication using Java 17 on DESKTOP-7MSQ4EU with PID 1692 (C:\Users\usuario\Documents\workspace-spring-tool-suite-4-4.12.1.RELEASE\APIRESTIP\RESTBan\target\classes started by usuario in C:\Users\usuario\Documents\workspace-spring-tool-suite-4-4.12.1.RELEASE\APIRESTIP\RESTBan)
2022-03-02 19:53:21,336 INFO org.springframework.boot.SpringApplication [restartedMain] No active profile set, falling back to default profiles: default
2022-03-02 19:53:22,065 INFO org.springframework.data.repository.config.RepositoryConfigurationDelegate [restartedMain] Bootstrapping Spring Data JPA repositories in DEFAULT mode.
2022-03-02 19:53:22,081 INFO org.springframework.data.repository.config.RepositoryConfigurationDelegate [restartedMain] Finished Spring Data repository scanning in 15 ms. Found 1 JPA repository interfaces.
2022-03-02 19:53:22,248 INFO org.springframework.boot.web.embedded.tomcat.TomcatWebServer [restartedMain] Tomcat initialized with port(s): 8001 (http)
2022-03-02 19:53:22,249 INFO org.apache.juli.logging.DirectJDKLog [restartedMain] Initializing ProtocolHandler ["http-nio-8001"]
2022-03-02 19:53:22,250 INFO org.apache.juli.logging.DirectJDKLog [restartedMain] Starting service [Tomcat]
2022-03-02 19:53:22,250 INFO org.apache.juli.logging.DirectJDKLog [restartedMain] Starting Servlet engine: [Apache Tomcat/9.0.56]
2022-03-02 19:53:22,279 INFO org.apache.juli.logging.DirectJDKLog [restartedMain] Initializing Spring embedded WebApplicationContext
2022-03-02 19:53:22,280 INFO org.springframework.boot.web.servlet.context.ServletWebServerApplicationContext [restartedMain] Root WebApplicationContext: initialization completed in 940 ms
2022-03-02 19:53:22,296 INFO com.zaxxer.hikari.HikariDataSource [restartedMain] HikariPool-2 - Starting...
2022-03-02 19:53:22,299 INFO com.zaxxer.hikari.HikariDataSource [restartedMain] HikariPool-2 - Start completed.
2022-03-02 19:53:22,300 INFO org.springframework.boot.autoconfigure.h2.H2ConsoleAutoConfiguration [restartedMain] H2 console available at '/h2-console'. Database available at 'jdbc:h2:mem:ban'
2022-03-02 19:53:22,340 INFO org.hibernate.jpa.internal.util.LogHelper [restartedMain] HHH000204: Processing PersistenceUnitInfo [name: default]
2022-03-02 19:53:22,348 INFO org.hibernate.dialect.Dialect [restartedMain] HHH000400: Using dialect: org.hibernate.dialect.H2Dialect
2022-03-02 19:53:22,389 INFO org.hibernate.tuple.PojoInstantiator [restartedMain] HHH000182: No default (no-argument) constructor for class: com.ibm.academy.restapi.ban.modelo.entidades.Ban (class must be instantiated by Interceptor)
2022-03-02 19:53:22,413 INFO org.hibernate.tool.schema.internal.exec.AbstractScriptSourceInput [restartedMain] HHH000476: Executing import script 'file:/C:/Users/usuario/Documents/workspace-spring-tool-suite-4-4.12.1.RELEASE/APIRESTIP/RESTBan/target/classes/import.sql'
2022-03-02 19:53:22,425 INFO org.hibernate.engine.transaction.jta.platform.internal.JtaPlatformInitiator [restartedMain] HHH000490: Using JtaPlatform implementation: [org.hibernate.engine.transaction.jta.platform.internal.NoJtaPlatform]
2022-03-02 19:53:22,425 INFO org.springframework.orm.jpa.AbstractEntityManagerFactoryBean [restartedMain] Initialized JPA EntityManagerFactory for persistence unit 'default'
2022-03-02 19:53:22,560 WARN org.springframework.boot.autoconfigure.orm.jpa.JpaBaseConfiguration$JpaWebConfiguration [restartedMain] spring.jpa.open-in-view is enabled by default. Therefore, database queries may be performed during view rendering. Explicitly configure spring.jpa.open-in-view to disable this warning
2022-03-02 19:53:22,749 INFO org.springframework.boot.devtools.autoconfigure.OptionalLiveReloadServer [restartedMain] LiveReload server is running on port 35729
2022-03-02 19:53:22,763 INFO org.apache.juli.logging.DirectJDKLog [restartedMain] Starting ProtocolHandler ["http-nio-8001"]
2022-03-02 19:53:22,767 INFO org.springframework.boot.web.embedded.tomcat.TomcatWebServer [restartedMain] Tomcat started on port(s): 8001 (http) with context path '/api/v1/rest-ban'
2022-03-02 19:53:22,786 INFO org.springframework.boot.StartupInfoLogger [restartedMain] Started RestBanApplication in 1.509 seconds (JVM running for 108.42)
2022-03-02 19:53:22,793 INFO org.springframework.boot.devtools.autoconfigure.ConditionEvaluationDeltaLoggingListener [restartedMain] Condition evaluation unchanged
2022-03-02 19:53:26,770 INFO org.apache.juli.logging.DirectJDKLog [http-nio-8001-exec-2] Initializing Spring DispatcherServlet 'dispatcherServlet'
2022-03-02 19:53:26,771 INFO org.springframework.web.servlet.FrameworkServlet [http-nio-8001-exec-2] Initializing Servlet 'dispatcherServlet'
2022-03-02 19:53:26,772 INFO org.springframework.web.servlet.FrameworkServlet [http-nio-8001-exec-2] Completed initialization in 1 ms
2022-03-02 19:53:26,777 WARN org.springframework.web.servlet.handler.AbstractHandlerExceptionResolver [http-nio-8001-exec-2] Resolved [org.springframework.web.bind.MissingPathVariableException: Required URI template variable 'ipConsulta' for method parameter type String is not present]
